<?xml version="1.0" encoding="UTF-8"?>
<testsuite xmlns:xsi="http://www.w3.org/2001/XMLSchema-instance" xsi:noNamespaceSchemaLocation="https://maven.apache.org/surefire/maven-surefire-plugin/xsd/surefire-test-report.xsd" name="BddTestRunner" time="78.539" tests="2" errors="2" skipped="0" failures="0">
  <properties>
[...]
</properties>
  <testcase name="Centigrade to Fahrenheit Temparature Converter" classname="Develope a Centigrade to Fahrenheit" time="70.55">
    <error message="connection refused&#10;Build info: version: &apos;3.13.0&apos;, revision: &apos;2f0d292&apos;, time: &apos;2018-06-25T15:24:21.231Z&apos;&#10;System info: host: &apos;DESKTOP-6GFMQGE&apos;, ip: &apos;192.168.1.105&apos;, os.name: &apos;Windows 10&apos;, os.arch: &apos;amd64&apos;, os.version: &apos;10.0&apos;, java.version: &apos;1.8.0_181&apos;&#10;Driver info: driver.version: FirefoxDriver&#10;remote stacktrace: " type="org.openqa.selenium.WebDriverException">org.openqa.selenium.WebDriverException: 
connection refused
Build info: version: '3.13.0', revision: '2f0d292', time: '2018-06-25T15:24:21.231Z'
System info: host: 'DESKTOP-6GFMQGE', ip: '192.168.1.105', os.name: 'Windows 10', os.arch: 'amd64', os.version: '10.0', java.version: '1.8.0_181'
Driver info: driver.version: FirefoxDriver
remote stacktrace: 
</error>
    <system-err><![CDATA[1533016870693	geckodriver	INFO	geckodriver 0.21.0 (c7d3022be6420de1ca4076d932aa32b299f3ea10 2018-06-14)
1533016870706	geckodriver	INFO	Listening on 127.0.0.1:31640
1533016871658	mozrunner::runner	INFO	Running command: "C:\\Program Files (x86)\\Mozilla Firefox\\firefox.exe" "-marionette" "-foreground" "-no-remote" "-profile" "C:\\Users\\Rakhi\\AppData\\Local\\Temp\\rust_mozprofile.q9QePEG8lg6m"
1533016888773	addons.xpi	WARN	disabling legacy extension jid1-G80Ec8LLEbK5fQ@jetpack
1533016888774	addons.xpi	WARN	disabling legacy extension jid1-G80Ec8LLEbK5fQ@jetpack
1533016888774	addons.xpi	WARN	disabling legacy extension jid1-G80Ec8LLEbK5fQ@jetpack
1533016889124	addons.xpi	WARN	Error loading bootstrap.js for jid1-G80Ec8LLEbK5fQ@jetpack: [Exception... "Component returned failure code: 0x80520012 (NS_ERROR_FILE_NOT_FOUND) [nsIXPCComponents_Utils.import]"  nsresult: "0x80520012 (NS_ERROR_FILE_NOT_FOUND)"  location: "JS frame :: resource://gre/modules/addons/XPIProvider.jsm -> jar:file:///C:/Program%20Files%20(x86)/Mozilla%20Firefox/browser/extensions/jid1-G80Ec8LLEbK5fQ@jetpack.xpi!/bootstrap.js :: <TOP_LEVEL> :: line 9"  data: no] Stack trace: resource://gre/modules/addons/XPIProvider.jsm -> jar:file:///C:/Program%20Files%20(x86)/Mozilla%20Firefox/browser/extensions/jid1-G80Ec8LLEbK5fQ@jetpack.xpi!/bootstrap.js:9 < loadBootstrapScope()@resource://gre/modules/addons/XPIProvider.jsm:4364 < callBootstrapMethod()@resource://gre/modules/addons/XPIProvider.jsm:4431 < processFileChanges()@resource://gre/modules/addons/XPIProvider.jsm -> resource://gre/modules/addons/XPIProviderUtils.js:1655 < checkForChanges()@resource://gre/modules/addons/XPIProvider.jsm:3265 < startup()@resource://gre/modules/addons/XPIProvider.jsm:2182 < callProvider()@resource://gre/modules/AddonManager.jsm:263 < _startProvider()@resource://gre/modules/AddonManager.jsm:730 < startup()@resource://gre/modules/AddonManager.jsm:897 < startup()@resource://gre/modules/AddonManager.jsm:3081 < observe()@jar:file:///C:/Program%20Files%20(x86)/Mozilla%20Firefox/omni.ja!/components/addonManager.js:65
1533016889301	addons.xpi	WARN	Add-on jid1-G80Ec8LLEbK5fQ@jetpack is missing bootstrap method install
Unable to read VR Path Registry from C:\Users\Rakhi\AppData\Local\openvr\openvrpaths.vrpath
1533016897506	Marionette	INFO	Enabled via --marionette
Unable to read VR Path Registry from C:\Users\Rakhi\AppData\Local\openvr\openvrpaths.vrpath
Unable to read VR Path Registry from C:\Users\Rakhi\AppData\Local\openvr\openvrpaths.vrpath
IPDL protocol error: Handler returned error code!

###!!! [Parent][DispatchAsyncMessage] Error: PLayerTransaction::Msg_ReleaseLayer Processing error: message was deserialized, but the handler returned false (indicating failure)

IPDL protocol error: Handler returned error code!

###!!! [Parent][DispatchAsyncMessage] Error: PLayerTransaction::Msg_ReleaseLayer Processing error: message was deserialized, but the handler returned false (indicating failure)

IPDL protocol error: Handler returned error code!

###!!! [Parent][DispatchAsyncMessage] Error: PLayerTransaction::Msg_ReleaseLayer Processing error: message was deserialized, but the handler returned false (indicating failure)

IPDL protocol error: Handler returned error code!

###!!! [Parent][DispatchAsyncMessage] Error: PLayerTransaction::Msg_ReleaseLayer Processing error: message was deserialized, but the handler returned false (indicating failure)

IPDL protocol error: Handler returned error code!

###!!! [Parent][DispatchAsyncMessage] Error: PLayerTransaction::Msg_ReleaseLayer Processing error: message was deserialized, but the handler returned false (indicating failure)

]]></system-err>
  </testcase>
  <testcase name="Centigrade to Fahrenheit Temparature Converter" classname="Develope a Centigrade to Fahrenheit" time="70.551">
    <error type="java.lang.NullPointerException">java.lang.NullPointerException
</error>
  </testcase>
</testsuite>